<?xml version="1.0" encoding="UTF-8"?>
<testsuite xmlns:xsi="http://www.w3.org/2001/XMLSchema-instance" xsi:noNamespaceSchemaLocation="https://maven.apache.org/surefire/maven-surefire-plugin/xsd/surefire-test-report-3.0.xsd" version="3.0" name="fr.imt.coffee.machine.component.WaterPumpTest" time="4.013" tests="2" errors="0" skipped="0" failures="0">
  <properties>
[...]
</properties>
  <testcase name="testPumpWaterWithHamcrest" classname="fr.imt.coffee.machine.component.WaterPumpTest" time="2.008">
    <system-out><![CDATA[18:36:35.266 [main] INFO  fr.imt.coffee.machine.component.WaterPump - Pumping time : 2000.0
18:36:35.266 [main] INFO  fr.imt.coffee.machine.component.WaterPump - Pumping...
18:36:37.274 [main] INFO  fr.imt.coffee.machine.component.WaterPump - Pumping OK
]]></system-out>
  </testcase>
  <testcase name="testPumpWaterWithJUnit" classname="fr.imt.coffee.machine.component.WaterPumpTest" time="2.005">
    <system-out><![CDATA[18:36:37.277 [main] INFO  fr.imt.coffee.machine.component.WaterPump - Pumping time : 2000.0
18:36:37.277 [main] INFO  fr.imt.coffee.machine.component.WaterPump - Pumping...
18:36:39.279 [main] INFO  fr.imt.coffee.machine.component.WaterPump - Pumping OK
]]></system-out>
  </testcase>
</testsuite>